Command line invocation:
    /Applications/Xcode.app/Contents/Developer/usr/bin/xcodebuild -project Dochi.xcodeproj -scheme DochiTests -configuration Debug test

Resolve Package Graph


Resolved source packages:
  Supabase: https://github.com/supabase/supabase-swift.git @ 2.41.1
  onnxruntime: https://github.com/microsoft/onnxruntime-swift-package-manager.git @ 1.20.0
  swift-system: https://github.com/apple/swift-system.git @ 1.6.4
  swift-log: https://github.com/apple/swift-log.git @ 1.9.1
  EventSource: https://github.com/mattt/eventsource.git @ 1.3.0
  swift-concurrency-extras: https://github.com/pointfreeco/swift-concurrency-extras @ 1.3.2
  swift-crypto: https://github.com/apple/swift-crypto.git @ 4.2.0
  swift-clocks: https://github.com/pointfreeco/swift-clocks @ 1.0.6
  xctest-dynamic-overlay: https://github.com/pointfreeco/xctest-dynamic-overlay @ 1.8.1
  swift-asn1: https://github.com/apple/swift-asn1.git @ 1.5.1
  swift-http-types: https://github.com/apple/swift-http-types.git @ 1.5.1
  mcp-swift-sdk: https://github.com/modelcontextprotocol/swift-sdk.git @ 0.10.2

2026-02-11 01:07:43.617 xcodebuild[80564:3531138] [MT] IDERunDestination: Supported platforms for the buildables in the current scheme is empty.
--- xcodebuild: WARNING: Using the first of multiple matching destinations:
{ platform:macOS, arch:arm64, id:00006000-001248910229801E, name:My Mac }
{ platform:macOS, arch:x86_64, id:00006000-001248910229801E, name:My Mac }
{ platform:macOS, name:Any Mac }
ComputePackagePrebuildTargetDependencyGraph

Prepare packages

CreateBuildRequest

SendProjectDescription

CreateBuildOperation

ComputeTargetDependencyGraph
note: Building targets in dependency order
note: Target dependency graph (36 targets)
    Target 'DochiUITests' in project 'Dochi'
        ➜ Explicit dependency on target 'Dochi' in project 'Dochi'
    Target 'DochiTests' in project 'Dochi'
        ➜ Explicit dependency on target 'Dochi' in project 'Dochi'
    Target 'Dochi' in project 'Dochi'
        ➜ Explicit dependency on target 'onnxruntime' in project 'onnxruntime'
        ➜ Explicit dependency on target 'MCP' in project 'mcp-swift-sdk'
        ➜ Explicit dependency on target 'Supabase' in project 'Supabase'
    Target 'Supabase' in project 'Supabase'
        ➜ Explicit dependency on target 'Supabase' in project 'Supabase'
        ➜ Explicit dependency on target 'Functions' in project 'Supabase'
        ➜ Explicit dependency on target 'PostgREST' in project 'Supabase'
        ➜ Explicit dependency on target 'Auth' in project 'Supabase'
        ➜ Explicit dependency on target 'Realtime' in project 'Supabase'
        ➜ Explicit dependency on target 'Storage' in project 'Supabase'
        ➜ Explicit dependency on target 'Helpers' in project 'Supabase'
        ➜ Explicit dependency on target 'ConcurrencyExtras' in project 'swift-concurrency-extras'
        ➜ Explicit dependency on target 'HTTPTypes' in project 'swift-http-types'
        ➜ Explicit dependency on target 'Clocks' in project 'swift-clocks'
        ➜ Explicit dependency on target 'XCTestDynamicOverlay' in project 'xctest-dynamic-overlay'
        ➜ Explicit dependency on target 'Crypto' in project 'swift-crypto'
        ➜ Explicit dependency on target 'IssueReporting' in project 'xctest-dynamic-overlay'
    Target 'Supabase' in project 'Supabase'
        ➜ Explicit dependency on target 'Helpers' in project 'Supabase'
        ➜ Explicit dependency on target 'Auth' in project 'Supabase'
        ➜ Explicit dependency on target 'Functions' in project 'Supabase'
        ➜ Explicit dependency on target 'PostgREST' in project 'Supabase'
        ➜ Explicit dependency on target 'Realtime' in project 'Supabase'
        ➜ Explicit dependency on target 'Storage' in project 'Supabase'
        ➜ Explicit dependency on target 'ConcurrencyExtras' in project 'swift-concurrency-extras'
        ➜ Explicit dependency on target 'HTTPTypes' in project 'swift-http-types'
        ➜ Explicit dependency on target 'Clocks' in project 'swift-clocks'
        ➜ Explicit dependency on target 'XCTestDynamicOverlay' in project 'xctest-dynamic-overlay'
        ➜ Explicit dependency on target 'Crypto' in project 'swift-crypto'
        ➜ Explicit dependency on target 'IssueReporting' in project 'xctest-dynamic-overlay'
    Target 'Storage' in project 'Supabase'
        ➜ Explicit dependency on target 'Helpers' in project 'Supabase'
        ➜ Explicit dependency on target 'ConcurrencyExtras' in project 'swift-concurrency-extras'
        ➜ Explicit dependency on target 'HTTPTypes' in project 'swift-http-types'
        ➜ Explicit dependency on target 'Clocks' in project 'swift-clocks'
        ➜ Explicit dependency on target 'XCTestDynamicOverlay' in project 'xctest-dynamic-overlay'
    Target 'Realtime' in project 'Supabase'
        ➜ Explicit dependency on target 'Helpers' in project 'Supabase'
        ➜ Explicit dependency on target 'ConcurrencyExtras' in project 'swift-concurrency-extras'
        ➜ Explicit dependency on target 'HTTPTypes' in project 'swift-http-types'
        ➜ Explicit dependency on target 'Clocks' in project 'swift-clocks'
        ➜ Explicit dependency on target 'XCTestDynamicOverlay' in project 'xctest-dynamic-overlay'
        ➜ Explicit dependency on target 'IssueReporting' in project 'xctest-dynamic-overlay'
    Target 'PostgREST' in project 'Supabase'
        ➜ Explicit dependency on target 'Helpers' in project 'Supabase'
        ➜ Explicit dependency on target 'ConcurrencyExtras' in project 'swift-concurrency-extras'
        ➜ Explicit dependency on target 'HTTPTypes' in project 'swift-http-types'
        ➜ Explicit dependency on target 'Clocks' in project 'swift-clocks'
        ➜ Explicit dependency on target 'XCTestDynamicOverlay' in project 'xctest-dynamic-overlay'
    Target 'Functions' in project 'Supabase'
        ➜ Explicit dependency on target 'Helpers' in project 'Supabase'
        ➜ Explicit dependency on target 'ConcurrencyExtras' in project 'swift-concurrency-extras'
        ➜ Explicit dependency on target 'HTTPTypes' in project 'swift-http-types'
        ➜ Explicit dependency on target 'Clocks' in project 'swift-clocks'
        ➜ Explicit dependency on target 'XCTestDynamicOverlay' in project 'xctest-dynamic-overlay'
    Target 'Auth' in project 'Supabase'
        ➜ Explicit dependency on target 'Helpers' in project 'Supabase'
        ➜ Explicit dependency on target 'ConcurrencyExtras' in project 'swift-concurrency-extras'
        ➜ Explicit dependency on target 'HTTPTypes' in project 'swift-http-types'
        ➜ Explicit dependency on target 'Clocks' in project 'swift-clocks'
        ➜ Explicit dependency on target 'XCTestDynamicOverlay' in project 'xctest-dynamic-overlay'
        ➜ Explicit dependency on target 'Crypto' in project 'swift-crypto'
    Target 'Crypto' in project 'swift-crypto'
        ➜ Explicit dependency on target 'Crypto' in project 'swift-crypto'
        ➜ Explicit dependency on target 'swift-crypto_Crypto' in project 'swift-crypto'
    Target 'Crypto' in project 'swift-crypto'
        ➜ Explicit dependency on target 'swift-crypto_Crypto' in project 'swift-crypto'
    Target 'swift-crypto_Crypto' in project 'swift-crypto' (no dependencies)
    Target 'Helpers' in project 'Supabase'
        ➜ Explicit dependency on target 'ConcurrencyExtras' in project 'swift-concurrency-extras'
        ➜ Explicit dependency on target 'HTTPTypes' in project 'swift-http-types'
        ➜ Explicit dependency on target 'Clocks' in project 'swift-clocks'
        ➜ Explicit dependency on target 'XCTestDynamicOverlay' in project 'xctest-dynamic-overlay'
    Target 'XCTestDynamicOverlay' in project 'xctest-dynamic-overlay'
        ➜ Explicit dependency on target 'XCTestDynamicOverlay' in project 'xctest-dynamic-overlay'
        ➜ Explicit dependency on target 'IssueReportingPackageSupport' in project 'xctest-dynamic-overlay'
        ➜ Explicit dependency on target 'IssueReporting' in project 'xctest-dynamic-overlay'
    Target 'XCTestDynamicOverlay' in project 'xctest-dynamic-overlay'
        ➜ Explicit dependency on target 'IssueReportingPackageSupport' in project 'xctest-dynamic-overlay'
        ➜ Explicit dependency on target 'IssueReporting' in project 'xctest-dynamic-overlay'
    Target 'Clocks' in project 'swift-clocks'
        ➜ Explicit dependency on target 'Clocks' in project 'swift-clocks'
        ➜ Explicit dependency on target 'ConcurrencyExtras' in project 'swift-concurrency-extras'
        ➜ Explicit dependency on target 'IssueReporting' in project 'xctest-dynamic-overlay'
    Target 'Clocks' in project 'swift-clocks'
        ➜ Explicit dependency on target 'ConcurrencyExtras' in project 'swift-concurrency-extras'
        ➜ Explicit dependency on target 'IssueReporting' in project 'xctest-dynamic-overlay'
    Target 'IssueReporting' in project 'xctest-dynamic-overlay'
        ➜ Explicit dependency on target 'IssueReporting' in project 'xctest-dynamic-overlay'
        ➜ Explicit dependency on target 'IssueReportingPackageSupport' in project 'xctest-dynamic-overlay'
    Target 'IssueReporting' in project 'xctest-dynamic-overlay'
        ➜ Explicit dependency on target 'IssueReportingPackageSupport' in project 'xctest-dynamic-overlay'
    Target 'IssueReportingPackageSupport' in project 'xctest-dynamic-overlay' (no dependencies)
    Target 'HTTPTypes' in project 'swift-http-types'
        ➜ Explicit dependency on target 'HTTPTypes' in project 'swift-http-types'
    Target 'HTTPTypes' in project 'swift-http-types' (no dependencies)
    Target 'ConcurrencyExtras' in project 'swift-concurrency-extras'
        ➜ Explicit dependency on target 'ConcurrencyExtras' in project 'swift-concurrency-extras'
    Target 'ConcurrencyExtras' in project 'swift-concurrency-extras' (no dependencies)
    Target 'MCP' in project 'mcp-swift-sdk'
        ➜ Explicit dependency on target 'MCP' in project 'mcp-swift-sdk'
        ➜ Explicit dependency on target 'SystemPackage' in project 'swift-system'
        ➜ Explicit dependency on target 'Logging' in project 'swift-log'
        ➜ Explicit dependency on target 'EventSource' in project 'EventSource'
    Target 'MCP' in project 'mcp-swift-sdk'
        ➜ Explicit dependency on target 'SystemPackage' in project 'swift-system'
        ➜ Explicit dependency on target 'Logging' in project 'swift-log'
        ➜ Explicit dependency on target 'EventSource' in project 'EventSource'
    Target 'EventSource' in project 'EventSource'
        ➜ Explicit dependency on target 'EventSource' in project 'EventSource'
    Target 'EventSource' in project 'EventSource' (no dependencies)
    Target 'Logging' in project 'swift-log'
        ➜ Explicit dependency on target 'Logging' in project 'swift-log'
    Target 'Logging' in project 'swift-log' (no dependencies)
    Target 'SystemPackage' in project 'swift-system'
        ➜ Explicit dependency on target 'SystemPackage' in project 'swift-system'
        ➜ Explicit dependency on target 'CSystem' in project 'swift-system'
    Target 'SystemPackage' in project 'swift-system'
        ➜ Explicit dependency on target 'CSystem' in project 'swift-system'
    Target 'CSystem' in project 'swift-system' (no dependencies)
    Target 'onnxruntime' in project 'onnxruntime'
        ➜ Explicit dependency on target 'OnnxRuntimeBindings' in project 'onnxruntime'
    Target 'OnnxRuntimeBindings' in project 'onnxruntime' (no dependencies)

GatherProvisioningInputs

CreateBuildDescription

ClangStatCache /Applications/Xcode.app/Contents/Developer/Toolchains/XcodeDefault.xctoolchain/usr/bin/clang-stat-cache /Applications/Xcode.app/Contents/Developer/Platforms/MacOSX.platform/Developer/SDKs/MacOSX26.2.sdk /Users/hckim/Library/Developer/Xcode/DerivedData/SDKStatCaches.noindex/macosx26.2-25C57-00fa09913b459cbbc988d1f6730289ae.sdkstatcache
    cd /Users/hckim/repo/dochi/Dochi.xcodeproj
    /Applications/Xcode.app/Contents/Developer/Toolchains/XcodeDefault.xctoolchain/usr/bin/clang-stat-cache /Applications/Xcode.app/Contents/Developer/Platforms/MacOSX.platform/Developer/SDKs/MacOSX26.2.sdk -o /Users/hckim/Library/Developer/Xcode/DerivedData/SDKStatCaches.noindex/macosx26.2-25C57-00fa09913b459cbbc988d1f6730289ae.sdkstatcache

CodeSign /Users/hckim/Library/Developer/Xcode/DerivedData/Dochi-fvcerrzpbqssspbcabodnzxiwpdx/Build/Products/Debug/Dochi.app/Contents/MacOS/Dochi.debug.dylib (in target 'Dochi' from project 'Dochi')
    cd /Users/hckim/repo/dochi
    
    Signing Identity:     "Sign to Run Locally"
    
    /usr/bin/codesign --force --sign - --timestamp\=none --generate-entitlement-der /Users/hckim/Library/Developer/Xcode/DerivedData/Dochi-fvcerrzpbqssspbcabodnzxiwpdx/Build/Products/Debug/Dochi.app/Contents/MacOS/Dochi.debug.dylib
/Users/hckim/Library/Developer/Xcode/DerivedData/Dochi-fvcerrzpbqssspbcabodnzxiwpdx/Build/Products/Debug/Dochi.app/Contents/MacOS/Dochi.debug.dylib: replacing existing signature

CodeSign /Users/hckim/Library/Developer/Xcode/DerivedData/Dochi-fvcerrzpbqssspbcabodnzxiwpdx/Build/Products/Debug/Dochi.app/Contents/MacOS/__preview.dylib (in target 'Dochi' from project 'Dochi')
    cd /Users/hckim/repo/dochi
    
    Signing Identity:     "Sign to Run Locally"
    
    /usr/bin/codesign --force --sign - --timestamp\=none --generate-entitlement-der /Users/hckim/Library/Developer/Xcode/DerivedData/Dochi-fvcerrzpbqssspbcabodnzxiwpdx/Build/Products/Debug/Dochi.app/Contents/MacOS/__preview.dylib
/Users/hckim/Library/Developer/Xcode/DerivedData/Dochi-fvcerrzpbqssspbcabodnzxiwpdx/Build/Products/Debug/Dochi.app/Contents/MacOS/__preview.dylib: replacing existing signature

CodeSign /Users/hckim/Library/Developer/Xcode/DerivedData/Dochi-fvcerrzpbqssspbcabodnzxiwpdx/Build/Products/Debug/Dochi.app (in target 'Dochi' from project 'Dochi')
    cd /Users/hckim/repo/dochi
    
    Signing Identity:     "Sign to Run Locally"
    
    /usr/bin/codesign --force --sign - --entitlements /Users/hckim/Library/Developer/Xcode/DerivedData/Dochi-fvcerrzpbqssspbcabodnzxiwpdx/Build/Intermediates.noindex/Dochi.build/Debug/Dochi.build/Dochi.app.xcent --timestamp\=none --generate-entitlement-der /Users/hckim/Library/Developer/Xcode/DerivedData/Dochi-fvcerrzpbqssspbcabodnzxiwpdx/Build/Products/Debug/Dochi.app
/Users/hckim/Library/Developer/Xcode/DerivedData/Dochi-fvcerrzpbqssspbcabodnzxiwpdx/Build/Products/Debug/Dochi.app: replacing existing signature

Validate /Users/hckim/Library/Developer/Xcode/DerivedData/Dochi-fvcerrzpbqssspbcabodnzxiwpdx/Build/Products/Debug/Dochi.app (in target 'Dochi' from project 'Dochi')
    cd /Users/hckim/repo/dochi
    builtin-validationUtility /Users/hckim/Library/Developer/Xcode/DerivedData/Dochi-fvcerrzpbqssspbcabodnzxiwpdx/Build/Products/Debug/Dochi.app -no-validate-extension -infoplist-subpath Contents/Info.plist

RegisterWithLaunchServices /Users/hckim/Library/Developer/Xcode/DerivedData/Dochi-fvcerrzpbqssspbcabodnzxiwpdx/Build/Products/Debug/Dochi.app (in target 'Dochi' from project 'Dochi')
    cd /Users/hckim/repo/dochi
    /System/Library/Frameworks/CoreServices.framework/Versions/Current/Frameworks/LaunchServices.framework/Versions/Current/Support/lsregister -f -R -trusted /Users/hckim/Library/Developer/Xcode/DerivedData/Dochi-fvcerrzpbqssspbcabodnzxiwpdx/Build/Products/Debug/Dochi.app

2026-02-11 01:07:46.288932+0900 Dochi[80612:3531540] [Cloud] Supabase 클라이언트 초기화 완료
2026-02-11 01:07:46.335077+0900 Dochi[80612:3531540] [Telegram] Telegram polling stopped
2026-02-11 01:07:46.335149+0900 Dochi[80612:3531540] [Telegram] Telegram polling started
2026-02-11 01:07:46.373096+0900 Dochi[80612:3531540] ApplePersistenceIgnoreState: Existing state will not be touched. New state will be written to /var/folders/5r/l4b5_bld58v49kpw3rsjxshm0000gn/T/com.hckim.dochi.savedState
2026-02-11 01:07:46.823163+0900 Dochi[80612:3531567] [Common] Unable to obtain a task name port right for pid 166: (os/kern) failure (0x5)
Test Suite 'All tests' started at 2026-02-11 01:07:47.207.
Test Suite 'DochiTests.xctest' started at 2026-02-11 01:07:47.208.
Test Suite 'AgentContextTests' started at 2026-02-11 01:07:47.208.
Test Case '-[DochiTests.AgentContextTests testAppendAgentMemory]' started.
Test Case '-[DochiTests.AgentContextTests testAppendAgentMemory]' passed (0.004 seconds).
Test Case '-[DochiTests.AgentContextTests testAppendAgentMemoryOnEmpty]' started.
Test Case '-[DochiTests.AgentContextTests testAppendAgentMemoryOnEmpty]' passed (0.003 seconds).
Test Case '-[DochiTests.AgentContextTests testBaseSystemPromptPath]' started.
Test Case '-[DochiTests.AgentContextTests testBaseSystemPromptPath]' passed (0.001 seconds).
Test Case '-[DochiTests.AgentContextTests testBuildInstructionsUsesAgentFiles]' started.
Test Case '-[DochiTests.AgentContextTests testBuildInstructionsUsesAgentFiles]' passed (0.005 seconds).
Test Case '-[DochiTests.AgentContextTests testCreateAgent]' started.
2026-02-11 01:07:47.223411+0900 Dochi[80612:3531540] [Storage] 에이전트 생성: 테스트
Test Case '-[DochiTests.AgentContextTests testCreateAgent]' passed (0.003 seconds).
Test Case '-[DochiTests.AgentContextTests testListAgentsEmpty]' started.
Test Case '-[DochiTests.AgentContextTests testListAgentsEmpty]' passed (0.001 seconds).
Test Case '-[DochiTests.AgentContextTests testListAgentsMultiple]' started.
2026-02-11 01:07:47.227491+0900 Dochi[80612:3531540] [Storage] 에이전트 생성: 에이전트A
2026-02-11 01:07:47.228212+0900 Dochi[80612:3531540] [Storage] 에이전트 생성: 에이전트B
Test Case '-[DochiTests.AgentContextTests testListAgentsMultiple]' passed (0.003 seconds).
Test Case '-[DochiTests.AgentContextTests testLoadAgentConfigReturnsNilWhenNoFile]' started.
Test Case '-[DochiTests.AgentContextTests testLoadAgentConfigReturnsNilWhenNoFile]' passed (0.001 seconds).
Test Case '-[DochiTests.AgentContextTests testLoadAgentPersonaReturnsEmptyWhenNoFile]' started.
Test Case '-[DochiTests.AgentContextTests testLoadAgentPersonaReturnsEmptyWhenNoFile]' passed (0.001 seconds).
Test Case '-[DochiTests.AgentContextTests testLoadBaseSystemPromptReturnsEmptyWhenNoFile]' started.
Test Case '-[DochiTests.AgentContextTests testLoadBaseSystemPromptReturnsEmptyWhenNoFile]' passed (0.001 seconds).
Test Case '-[DochiTests.AgentContextTests testSaveAndLoadAgentConfig]' started.
Test Case '-[DochiTests.AgentContextTests testSaveAndLoadAgentConfig]' passed (0.002 seconds).
Test Case '-[DochiTests.AgentContextTests testSaveAndLoadAgentMemory]' started.
Test Case '-[DochiTests.AgentContextTests testSaveAndLoadAgentMemory]' passed (0.002 seconds).
Test Case '-[DochiTests.AgentContextTests testSaveAndLoadAgentPersona]' started.
Test Case '-[DochiTests.AgentContextTests testSaveAndLoadAgentPersona]' passed (0.002 seconds).
Test Case '-[DochiTests.AgentContextTests testSaveAndLoadBaseSystemPrompt]' started.
Test Case '-[DochiTests.AgentContextTests testSaveAndLoadBaseSystemPrompt]' passed (0.002 seconds).
Test Suite 'AgentContextTests' passed at 2026-02-11 01:07:47.243.
	 Executed 14 tests, with 0 failures (0 unexpected) in 0.031 (0.035) seconds
Test Suite 'AgentEditorToolTests' started at 2026-02-11 01:07:47.243.
Test Case '-[DochiTests.AgentEditorToolTests testAgentMemoryUpdate]' started.
2026-02-11 01:07:47.245236+0900 Dochi[80612:3531540] [Storage] 에이전트 생성: 테스트
/Users/hckim/repo/dochi/DochiTests/AgentEditorToolTests.swift:28: error: -[DochiTests.AgentEditorToolTests testAgentMemoryUpdate] : XCTAssertFalse failed
/Users/hckim/repo/dochi/DochiTests/AgentEditorToolTests.swift:30: error: -[DochiTests.AgentEditorToolTests testAgentMemoryUpdate] : XCTAssertTrue failed
/Users/hckim/repo/dochi/DochiTests/AgentEditorToolTests.swift:31: error: -[DochiTests.AgentEditorToolTests testAgentMemoryUpdate] : XCTAssertFalse failed
Test Case '-[DochiTests.AgentEditorToolTests testAgentMemoryUpdate]' failed (0.051 seconds).
Test Suite 'AgentEditorToolTests' failed at 2026-02-11 01:07:47.295.
	 Executed 1 test, with 3 failures (0 unexpected) in 0.051 (0.052) seconds
Test Suite 'AgentPersonaGuardrailTests' started at 2026-02-11 01:07:47.295.
Test Case '-[DochiTests.AgentPersonaGuardrailTests testPersonaReplacePreviewAndConfirm]' started.
2026-02-11 01:07:47.303254+0900 Dochi[80612:3531540] [Storage] 에이전트 생성: 테스트
/Users/hckim/repo/dochi/DochiTests/AgentPersonaGuardrailTests.swift:29: error: -[DochiTests.AgentPersonaGuardrailTests testPersonaReplacePreviewAndConfirm] : XCTAssertTrue failed
/Users/hckim/repo/dochi/DochiTests/AgentPersonaGuardrailTests.swift:40: error: -[DochiTests.AgentPersonaGuardrailTests testPersonaReplacePreviewAndConfirm] : XCTAssertTrue failed
/Users/hckim/repo/dochi/DochiTests/AgentPersonaGuardrailTests.swift:41: error: -[DochiTests.AgentPersonaGuardrailTests testPersonaReplacePreviewAndConfirm] : XCTAssertFalse failed
Test Case '-[DochiTests.AgentPersonaGuardrailTests testPersonaReplacePreviewAndConfirm]' failed (0.011 seconds).
Test Suite 'AgentPersonaGuardrailTests' failed at 2026-02-11 01:07:47.307.
	 Executed 1 test, with 3 failures (0 unexpected) in 0.011 (0.011) seconds
Test Suite 'AppSettingsTests' started at 2026-02-11 01:07:47.307.
Test Case '-[DochiTests.AppSettingsTests testAddMCPServer]' started.
Test Case '-[DochiTests.AppSettingsTests testAddMCPServer]' passed (0.002 seconds).
Test Case '-[DochiTests.AppSettingsTests testAnthropicApiKeyStorage]' started.
Test Case '-[DochiTests.AppSettingsTests testAnthropicApiKeyStorage]' passed (0.001 seconds).
Test Case '-[DochiTests.AppSettingsTests testApiKeyForProvider]' started.
Test Case '-[DochiTests.AppSettingsTests testApiKeyForProvider]' passed (0.001 seconds).
Test Case '-[DochiTests.AppSettingsTests testApiKeyReturnsEmptyWhenNotSet]' started.
Test Case '-[DochiTests.AppSettingsTests testApiKeyReturnsEmptyWhenNotSet]' passed (0.001 seconds).
Test Case '-[DochiTests.AppSettingsTests testApiKeyStorage]' started.
Test Case '-[DochiTests.AppSettingsTests testApiKeyStorage]' passed (0.001 seconds).
Test Case '-[DochiTests.AppSettingsTests testBuildInstructionsIncludesCurrentTime]' started.
Test Case '-[DochiTests.AppSettingsTests testBuildInstructionsIncludesCurrentTime]' passed (0.001 seconds).
Test Case '-[DochiTests.AppSettingsTests testBuildInstructionsWithProfiles]' started.
Test Case '-[DochiTests.AppSettingsTests testBuildInstructionsWithProfiles]' passed (0.001 seconds).
Test Case '-[DochiTests.AppSettingsTests testBuildInstructionsWithSystemPrompt]' started.
Test Case '-[DochiTests.AppSettingsTests testBuildInstructionsWithSystemPrompt]' passed (0.001 seconds).
Test Case '-[DochiTests.AppSettingsTests testDefaultChatFontSize]' started.
Test Case '-[DochiTests.AppSettingsTests testDefaultChatFontSize]' passed (0.001 seconds).
Test Case '-[DochiTests.AppSettingsTests testDefaultContextAutoCompress]' started.
Test Case '-[DochiTests.AppSettingsTests testDefaultContextAutoCompress]' passed (0.001 seconds).
Test Case '-[DochiTests.AppSettingsTests testDefaultContextMaxSize]' started.
Test Case '-[DochiTests.AppSettingsTests testDefaultContextMaxSize]' passed (0.001 seconds).
Test Case '-[DochiTests.AppSettingsTests testDefaultTTSSpeed]' started.
Test Case '-[DochiTests.AppSettingsTests testDefaultTTSSpeed]' passed (0.001 seconds).
Test Case '-[DochiTests.AppSettingsTests testDefaultWakeWord]' started.
Test Case '-[DochiTests.AppSettingsTests testDefaultWakeWord]' passed (0.001 seconds).
Test Case '-[DochiTests.AppSettingsTests testRemoveMCPServer]' started.
Test Case '-[DochiTests.AppSettingsTests testRemoveMCPServer]' passed (0.001 seconds).
Test Case '-[DochiTests.AppSettingsTests testUpdateMCPServer]' started.
Test Case '-[DochiTests.AppSettingsTests testUpdateMCPServer]' passed (0.001 seconds).
Test Suite 'AppSettingsTests' passed at 2026-02-11 01:07:47.326.
	 Executed 15 tests, with 0 failures (0 unexpected) in 0.016 (0.019) seconds
Test Suite 'BuiltInToolServiceTests' started at 2026-02-11 01:07:47.326.
Test Case '-[DochiTests.BuiltInToolServiceTests testCallUnknownToolThrowsError]' started.
Test Case '-[DochiTests.BuiltInToolServiceTests testCallUnknownToolThrowsError]' passed (0.006 seconds).
Test Case '-[DochiTests.BuiltInToolServiceTests testConfigureSetsApiKeys]' started.
Test Case '-[DochiTests.BuiltInToolServiceTests testConfigureSetsApiKeys]' passed (0.001 seconds).
Test Case '-[DochiTests.BuiltInToolServiceTests testDefaultToolsIncludeAlarm]' started.
Test Case '-[DochiTests.BuiltInToolServiceTests testDefaultToolsIncludeAlarm]' passed (0.001 seconds).
Test Case '-[DochiTests.BuiltInToolServiceTests testDefaultToolsIncludeReminders]' started.
Test Case '-[DochiTests.BuiltInToolServiceTests testDefaultToolsIncludeReminders]' passed (0.001 seconds).
Test Case '-[DochiTests.BuiltInToolServiceTests testImageGenerationAvailableWithApiKey]' started.
Test Case '-[DochiTests.BuiltInToolServiceTests testImageGenerationAvailableWithApiKey]' passed (0.001 seconds).
Test Case '-[DochiTests.BuiltInToolServiceTests testImageGenerationNotAvailableWithoutApiKey]' started.
Test Case '-[DochiTests.BuiltInToolServiceTests testImageGenerationNotAvailableWithoutApiKey]' passed (0.001 seconds).
Test Case '-[DochiTests.BuiltInToolServiceTests testMemoryToolAvailableWithContext]' started.
Test Case '-[DochiTests.BuiltInToolServiceTests testMemoryToolAvailableWithContext]' passed (0.001 seconds).
Test Case '-[DochiTests.BuiltInToolServiceTests testMemoryToolNotAvailableWithoutProfiles]' started.
Test Case '-[DochiTests.BuiltInToolServiceTests testMemoryToolNotAvailableWithoutProfiles]' passed (0.001 seconds).
Test Case '-[DochiTests.BuiltInToolServiceTests testWebSearchAvailableWithApiKey]' started.
Test Case '-[DochiTests.BuiltInToolServiceTests testWebSearchAvailableWithApiKey]' passed (0.001 seconds).
Test Case '-[DochiTests.BuiltInToolServiceTests testWebSearchNotAvailableWithoutApiKey]' started.
Test Case '-[DochiTests.BuiltInToolServiceTests testWebSearchNotAvailableWithoutApiKey]' passed (0.001 seconds).
Test Suite 'BuiltInToolServiceTests' passed at 2026-02-11 01:07:47.340.
	 Executed 10 tests, with 0 failures (0 unexpected) in 0.012 (0.014) seconds
Test Suite 'ContextServiceTests' started at 2026-02-11 01:07:47.340.
Test Case '-[DochiTests.ContextServiceTests testAppendMemory]' started.
Test Case '-[DochiTests.ContextServiceTests testAppendMemory]' passed (0.002 seconds).
Test Case '-[DochiTests.ContextServiceTests testAppendMemoryPreservesNewline]' started.
Test Case '-[DochiTests.ContextServiceTests testAppendMemoryPreservesNewline]' passed (0.002 seconds).
Test Case '-[DochiTests.ContextServiceTests testAppendMemoryToEmpty]' started.
Test Case '-[DochiTests.ContextServiceTests testAppendMemoryToEmpty]' passed (0.002 seconds).
Test Case '-[DochiTests.ContextServiceTests testLoadSystemReturnsEmptyStringWhenNoFile]' started.
Test Case '-[DochiTests.ContextServiceTests testLoadSystemReturnsEmptyStringWhenNoFile]' passed (0.001 seconds).
Test Case '-[DochiTests.ContextServiceTests testMemoryPath]' started.
Test Case '-[DochiTests.ContextServiceTests testMemoryPath]' passed (0.001 seconds).
Test Case '-[DochiTests.ContextServiceTests testMemorySize]' started.
Test Case '-[DochiTests.ContextServiceTests testMemorySize]' passed (0.001 seconds).
Test Case '-[DochiTests.ContextServiceTests testMemorySizeReturnsZeroWhenNoFile]' started.
Test Case '-[DochiTests.ContextServiceTests testMemorySizeReturnsZeroWhenNoFile]' passed (0.001 seconds).
Test Case '-[DochiTests.ContextServiceTests testSaveAndLoadMemory]' started.
Test Case '-[DochiTests.ContextServiceTests testSaveAndLoadMemory]' passed (0.002 seconds).
Test Case '-[DochiTests.ContextServiceTests testSaveAndLoadSystem]' started.
Test Case '-[DochiTests.ContextServiceTests testSaveAndLoadSystem]' passed (0.001 seconds).
Test Case '-[DochiTests.ContextServiceTests testSystemPath]' started.
Test Case '-[DochiTests.ContextServiceTests testSystemPath]' passed (0.001 seconds).
Test Suite 'ContextServiceTests' passed at 2026-02-11 01:07:47.357.
	 Executed 10 tests, with 0 failures (0 unexpected) in 0.014 (0.016) seconds
Test Suite 'ConversationServiceTests' started at 2026-02-11 01:07:47.357.
Test Case '-[DochiTests.ConversationServiceTests testDeleteConversation]' started.
2026-02-11 01:07:47.359151+0900 Dochi[80612:3531540] [Storage] 대화 로드 실패 3E804855-95D5-427C-93B1-D57AE50DA63E: Error Domain=NSCocoaErrorDomain Code=260 "The file “3E804855-95D5-427C-93B1-D57AE50DA63E.json” couldn’t be opened because there is no such file." UserInfo={NSFilePath=/var/folders/5r/l4b5_bld58v49kpw3rsjxshm0000gn/T/F64D1838-602F-4945-9339-96662FDE769D/conversations/3E804855-95D5-427C-93B1-D57AE50DA63E.json, NSURL=file:///var/folders/5r/l4b5_bld58v49kpw3rsjxshm0000gn/T/F64D1838-602F-4945-9339-96662FDE769D/conversations/3E804855-95D5-427C-93B1-D57AE50DA63E.json, NSUnderlyingError=0x8bb661f50 {Error Domain=NSPOSIXErrorDomain Code=2 "No such file or directory"}}
Test Case '-[DochiTests.ConversationServiceTests testDeleteConversation]' passed (0.003 seconds).
Test Case '-[DochiTests.ConversationServiceTests testDeleteNonExistentConversationDoesNotThrow]' started.
2026-02-11 01:07:47.360946+0900 Dochi[80612:3531540] [Storage] 대화 삭제 실패 7DF83A51-65C7-429E-85A6-E6895CC28792: Error Domain=NSCocoaErrorDomain Code=4 "“7DF83A51-65C7-429E-85A6-E6895CC28792.json” couldn’t be removed." UserInfo={NSUserStringVariant=(
    Remove
), NSFilePath=/var/folders/5r/l4b5_bld58v49kpw3rsjxshm0000gn/T/34EC408F-963A-40DB-82D2-B707E5E487CB/conversations/7DF83A51-65C7-429E-85A6-E6895CC28792.json, NSURL=file:///var/folders/5r/l4b5_bld58v49kpw3rsjxshm0000gn/T/34EC408F-963A-40DB-82D2-B707E5E487CB/conversations/7DF83A51-65C7-429E-85A6-E6895CC28792.json, NSUnderlyingError=0x8bb663f60 {Error Domain=NSPOSIXErrorDomain Code=2 "No such file or directory"}}
Test Case '-[DochiTests.ConversationServiceTests testDeleteNonExistentConversationDoesNotThrow]' passed (0.001 seconds).
Test Case '-[DochiTests.ConversationServiceTests testListConversationsReturnsOrderedByDate]' started.
Test Case '-[DochiTests.ConversationServiceTests testListConversationsReturnsOrderedByDate]' passed (0.002 seconds).
Test Case '-[DochiTests.ConversationServiceTests testListReturnsEmptyWhenNoConversations]' started.
Test Case '-[DochiTests.ConversationServiceTests testListReturnsEmptyWhenNoConversations]' passed (0.001 seconds).
Test Case '-[DochiTests.ConversationServiceTests testLoadReturnsNilWhenNotFound]' started.
2026-02-11 01:07:47.365348+0900 Dochi[80612:3531540] [Storage] 대화 로드 실패 1BAE6CF6-747B-4E28-92D2-37AF0F99F94A: Error Domain=NSCocoaErrorDomain Code=260 "The file “1BAE6CF6-747B-4E28-92D2-37AF0F99F94A.json” couldn’t be opened because there is no such file." UserInfo={NSFilePath=/var/folders/5r/l4b5_bld58v49kpw3rsjxshm0000gn/T/10108164-7776-4BBA-BA16-A36DA968ED93/conversations/1BAE6CF6-747B-4E28-92D2-37AF0F99F94A.json, NSURL=file:///var/folders/5r/l4b5_bld58v49kpw3rsjxshm0000gn/T/10108164-7776-4BBA-BA16-A36DA968ED93/conversations/1BAE6CF6-747B-4E28-92D2-37AF0F99F94A.json, NSUnderlyingError=0x8bb663f60 {Error Domain=NSPOSIXErrorDomain Code=2 "No such file or directory"}}
Test Case '-[DochiTests.ConversationServiceTests testLoadReturnsNilWhenNotFound]' passed (0.001 seconds).
Test Case '-[DochiTests.ConversationServiceTests testSaveAndLoadConversation]' started.
Test Case '-[DochiTests.ConversationServiceTests testSaveAndLoadConversation]' passed (0.002 seconds).
Test Case '-[DochiTests.ConversationServiceTests testUpdateConversation]' started.
Test Case '-[DochiTests.ConversationServiceTests testUpdateConversation]' passed (0.002 seconds).
Test Suite 'ConversationServiceTests' passed at 2026-02-11 01:07:47.370.
	 Executed 7 tests, with 0 failures (0 unexpected) in 0.012 (0.013) seconds
Test Suite 'KeychainServiceTests' started at 2026-02-11 01:07:47.370.
Test Case '-[DochiTests.KeychainServiceTests testDeleteKey]' started.
Test Case '-[DochiTests.KeychainServiceTests testDeleteKey]' passed (0.002 seconds).
Test Case '-[DochiTests.KeychainServiceTests testDeleteNonExistentKeyDoesNotCrash]' started.
2026-02-11 01:07:47.373024+0900 Dochi[80612:3531540] [Storage] 키 삭제 실패 nonexistent: Error Domain=NSCocoaErrorDomain Code=4 "“key_nonexistent” couldn’t be removed." UserInfo={NSUserStringVariant=(
    Remove
), NSFilePath=/var/folders/5r/l4b5_bld58v49kpw3rsjxshm0000gn/T/CDFCF533-1389-494E-A854-96EFB6753E04/key_nonexistent, NSURL=file:///var/folders/5r/l4b5_bld58v49kpw3rsjxshm0000gn/T/CDFCF533-1389-494E-A854-96EFB6753E04/key_nonexistent, NSUnderlyingError=0x8bb6638a0 {Error Domain=NSPOSIXErrorDomain Code=2 "No such file or directory"}}
Test Case '-[DochiTests.KeychainServiceTests testDeleteNonExistentKeyDoesNotCrash]' passed (0.001 seconds).
Test Case '-[DochiTests.KeychainServiceTests testLoadNonExistentKeyReturnsNil]' started.
Test Case '-[DochiTests.KeychainServiceTests testLoadNonExistentKeyReturnsNil]' passed (0.001 seconds).
Test Case '-[DochiTests.KeychainServiceTests testMultipleAccounts]' started.
Test Case '-[DochiTests.KeychainServiceTests testMultipleAccounts]' passed (0.002 seconds).
Test Case '-[DochiTests.KeychainServiceTests testSaveAndLoad]' started.
Test Case '-[DochiTests.KeychainServiceTests testSaveAndLoad]' passed (0.001 seconds).
Test Case '-[DochiTests.KeychainServiceTests testSaveEmptyValue]' started.
Test Case '-[DochiTests.KeychainServiceTests testSaveEmptyValue]' passed (0.001 seconds).
Test Case '-[DochiTests.KeychainServiceTests testUpdateExistingKey]' started.
Test Case '-[DochiTests.KeychainServiceTests testUpdateExistingKey]' passed (0.002 seconds).
Test Suite 'KeychainServiceTests' passed at 2026-02-11 01:07:47.381.
	 Executed 7 tests, with 0 failures (0 unexpected) in 0.009 (0.011) seconds
Test Suite 'MCPToolInfoTests' started at 2026-02-11 01:07:47.382.
Test Case '-[DochiTests.MCPToolInfoTests testAsDictionaryBasic]' started.
Test Case '-[DochiTests.MCPToolInfoTests testAsDictionaryBasic]' passed (0.001 seconds).
Test Case '-[DochiTests.MCPToolInfoTests testAsDictionaryWithComplexInputSchema]' started.
Test Case '-[DochiTests.MCPToolInfoTests testAsDictionaryWithComplexInputSchema]' passed (0.001 seconds).
Test Case '-[DochiTests.MCPToolInfoTests testAsDictionaryWithoutDescription]' started.
Test Case '-[DochiTests.MCPToolInfoTests testAsDictionaryWithoutDescription]' passed (0.001 seconds).
Test Case '-[DochiTests.MCPToolInfoTests testAsDictionaryWithoutInputSchema]' started.
Test Case '-[DochiTests.MCPToolInfoTests testAsDictionaryWithoutInputSchema]' passed (0.000 seconds).
Test Case '-[DochiTests.MCPToolInfoTests testMCPServerConfigCodable]' started.
Test Case '-[DochiTests.MCPToolInfoTests testMCPServerConfigCodable]' passed (0.001 seconds).
Test Case '-[DochiTests.MCPToolInfoTests testMCPServerConfigDefaults]' started.
Test Case '-[DochiTests.MCPToolInfoTests testMCPServerConfigDefaults]' passed (0.001 seconds).
Test Case '-[DochiTests.MCPToolInfoTests testMCPServerConfigInit]' started.
Test Case '-[DochiTests.MCPToolInfoTests testMCPServerConfigInit]' passed (0.001 seconds).
Test Case '-[DochiTests.MCPToolInfoTests testMCPToolInfoInit]' started.
Test Case '-[DochiTests.MCPToolInfoTests testMCPToolInfoInit]' passed (0.001 seconds).
Test Case '-[DochiTests.MCPToolInfoTests testMCPToolInfoWithNilDescription]' started.
Test Case '-[DochiTests.MCPToolInfoTests testMCPToolInfoWithNilDescription]' passed (0.000 seconds).
Test Case '-[DochiTests.MCPToolInfoTests testMCPToolResultInit]' started.
Test Case '-[DochiTests.MCPToolInfoTests testMCPToolResultInit]' passed (0.001 seconds).
Test Case '-[DochiTests.MCPToolInfoTests testMCPToolResultWithError]' started.
Test Case '-[DochiTests.MCPToolInfoTests testMCPToolResultWithError]' passed (0.001 seconds).
Test Suite 'MCPToolInfoTests' passed at 2026-02-11 01:07:47.390.
	 Executed 11 tests, with 0 failures (0 unexpected) in 0.006 (0.008) seconds
Test Suite 'MessageTests' started at 2026-02-11 01:07:47.390.
Test Case '-[DochiTests.MessageTests testAllRoles]' started.
Test Case '-[DochiTests.MessageTests testAllRoles]' passed (0.001 seconds).
Test Case '-[DochiTests.MessageTests testMessageDecodingWithEmptyToolCalls]' started.
Test Case '-[DochiTests.MessageTests testMessageDecodingWithEmptyToolCalls]' passed (0.001 seconds).
Test Case '-[DochiTests.MessageTests testMessageDecodingWithNestedToolCallArguments]' started.
Test Case '-[DochiTests.MessageTests testMessageDecodingWithNestedToolCallArguments]' passed (0.001 seconds).
Test Case '-[DochiTests.MessageTests testMessageDecodingWithoutToolCalls]' started.
Test Case '-[DochiTests.MessageTests testMessageDecodingWithoutToolCalls]' passed (0.003 seconds).
Test Case '-[DochiTests.MessageTests testMessageDecodingWithToolCalls]' started.
Test Case '-[DochiTests.MessageTests testMessageDecodingWithToolCalls]' passed (0.001 seconds).
Test Case '-[DochiTests.MessageTests testMessageEncodingWithoutToolCalls]' started.
Test Case '-[DochiTests.MessageTests testMessageEncodingWithoutToolCalls]' passed (0.001 seconds).
Test Case '-[DochiTests.MessageTests testMessageEncodingWithToolCalls]' started.
Test Case '-[DochiTests.MessageTests testMessageEncodingWithToolCalls]' passed (0.001 seconds).
Test Case '-[DochiTests.MessageTests testMessageInitWithContent]' started.
Test Case '-[DochiTests.MessageTests testMessageInitWithContent]' passed (0.001 seconds).
Test Case '-[DochiTests.MessageTests testMessageInitWithToolCalls]' started.
Test Case '-[DochiTests.MessageTests testMessageInitWithToolCalls]' passed (0.001 seconds).
Test Case '-[DochiTests.MessageTests testMessageRoundTripWithToolCalls]' started.
Test Case '-[DochiTests.MessageTests testMessageRoundTripWithToolCalls]' passed (0.001 seconds).
Test Suite 'MessageTests' passed at 2026-02-11 01:07:47.403.
	 Executed 10 tests, with 0 failures (0 unexpected) in 0.009 (0.013) seconds
Test Suite 'ProfileAdminToolTests' started at 2026-02-11 01:07:47.403.
Test Case '-[DochiTests.ProfileAdminToolTests testProfileMergeAppendsMemoryAndMigratesConversations]' started.
2026-02-11 01:07:47.406935+0900 Dochi[80612:3531540] [Tool] 프로필 병합: 민수 -> 민서, strategy=append
Test Case '-[DochiTests.ProfileAdminToolTests testProfileMergeAppendsMemoryAndMigratesConversations]' passed (0.004 seconds).
Test Suite 'ProfileAdminToolTests' passed at 2026-02-11 01:07:47.408.
	 Executed 1 test, with 0 failures (0 unexpected) in 0.004 (0.005) seconds
Test Suite 'TTSSanitizationTests' started at 2026-02-11 01:07:47.408.
Test Case '-[DochiTests.TTSSanitizationTests testBlockquoteStripped]' started.
Test Case '-[DochiTests.TTSSanitizationTests testBlockquoteStripped]' passed (0.001 seconds).
Test Case '-[DochiTests.TTSSanitizationTests testBoldStripped]' started.
Test Case '-[DochiTests.TTSSanitizationTests testBoldStripped]' passed (0.001 seconds).
Test Case '-[DochiTests.TTSSanitizationTests testBulletListStripped]' started.
Test Case '-[DochiTests.TTSSanitizationTests testBulletListStripped]' passed (0.001 seconds).
Test Case '-[DochiTests.TTSSanitizationTests testCodeBlockReturnsEmpty]' started.
Test Case '-[DochiTests.TTSSanitizationTests testCodeBlockReturnsEmpty]' passed (0.001 seconds).
Test Case '-[DochiTests.TTSSanitizationTests testColonReplacedWithComma]' started.
Test Case '-[DochiTests.TTSSanitizationTests testColonReplacedWithComma]' passed (0.001 seconds).
Test Case '-[DochiTests.TTSSanitizationTests testEmptyStringReturnsEmpty]' started.
Test Case '-[DochiTests.TTSSanitizationTests testEmptyStringReturnsEmpty]' passed (0.001 seconds).
Test Case '-[DochiTests.TTSSanitizationTests testHeaderStripped]' started.
Test Case '-[DochiTests.TTSSanitizationTests testHeaderStripped]' passed (0.001 seconds).
Test Case '-[DochiTests.TTSSanitizationTests testHorizontalRuleRemoved]' started.
Test Case '-[DochiTests.TTSSanitizationTests testHorizontalRuleRemoved]' passed (0.000 seconds).
Test Case '-[DochiTests.TTSSanitizationTests testImageMarkdownRemoved]' started.
Test Case '-[DochiTests.TTSSanitizationTests testImageMarkdownRemoved]' passed (0.000 seconds).
Test Case '-[DochiTests.TTSSanitizationTests testInlineCodeStripped]' started.
Test Case '-[DochiTests.TTSSanitizationTests testInlineCodeStripped]' passed (0.001 seconds).
Test Case '-[DochiTests.TTSSanitizationTests testItalicStripped]' started.
Test Case '-[DochiTests.TTSSanitizationTests testItalicStripped]' passed (0.001 seconds).
Test Case '-[DochiTests.TTSSanitizationTests testLinkMarkdownKeepsText]' started.
Test Case '-[DochiTests.TTSSanitizationTests testLinkMarkdownKeepsText]' passed (0.001 seconds).
Test Case '-[DochiTests.TTSSanitizationTests testMultipleSpacesCollapsed]' started.
Test Case '-[DochiTests.TTSSanitizationTests testMultipleSpacesCollapsed]' passed (0.001 seconds).
Test Case '-[DochiTests.TTSSanitizationTests testPlainTextUnchanged]' started.
Test Case '-[DochiTests.TTSSanitizationTests testPlainTextUnchanged]' passed (0.001 seconds).
Test Case '-[DochiTests.TTSSanitizationTests testTrimsWhitespace]' started.
Test Case '-[DochiTests.TTSSanitizationTests testTrimsWhitespace]' passed (0.000 seconds).
Test Suite 'TTSSanitizationTests' passed at 2026-02-11 01:07:47.422.
	 Executed 15 tests, with 0 failures (0 unexpected) in 0.009 (0.014) seconds
Test Suite 'ToolCallTests' started at 2026-02-11 01:07:47.422.
Test Case '-[DochiTests.ToolCallTests testToolCallInitWithArguments]' started.
Test Case '-[DochiTests.ToolCallTests testToolCallInitWithArguments]' passed (0.003 seconds).
Test Case '-[DochiTests.ToolCallTests testToolCallInitWithEmptyArguments]' started.
Test Case '-[DochiTests.ToolCallTests testToolCallInitWithEmptyArguments]' passed (0.001 seconds).
Test Case '-[DochiTests.ToolCallTests testToolCallInitWithEmptyJSONString]' started.
Test Case '-[DochiTests.ToolCallTests testToolCallInitWithEmptyJSONString]' passed (0.001 seconds).
Test Case '-[DochiTests.ToolCallTests testToolCallInitWithInvalidJSONString]' started.
Test Case '-[DochiTests.ToolCallTests testToolCallInitWithInvalidJSONString]' passed (0.001 seconds).
Test Case '-[DochiTests.ToolCallTests testToolCallInitWithJSONString]' started.
Test Case '-[DochiTests.ToolCallTests testToolCallInitWithJSONString]' passed (0.001 seconds).
Test Case '-[DochiTests.ToolCallTests testToolCallIsIdentifiable]' started.
Test Case '-[DochiTests.ToolCallTests testToolCallIsIdentifiable]' passed (0.000 seconds).
Test Case '-[DochiTests.ToolCallTests testToolCallWithNestedArguments]' started.
Test Case '-[DochiTests.ToolCallTests testToolCallWithNestedArguments]' passed (0.001 seconds).
Test Case '-[DochiTests.ToolCallTests testToolResultDefaultIsError]' started.
Test Case '-[DochiTests.ToolCallTests testToolResultDefaultIsError]' passed (0.000 seconds).
Test Case '-[DochiTests.ToolCallTests testToolResultInit]' started.
Test Case '-[DochiTests.ToolCallTests testToolResultInit]' passed (0.001 seconds).
Test Case '-[DochiTests.ToolCallTests testToolResultWithError]' started.
Test Case '-[DochiTests.ToolCallTests testToolResultWithError]' passed (0.001 seconds).
Test Suite 'ToolCallTests' passed at 2026-02-11 01:07:47.435.
	 Executed 10 tests, with 0 failures (0 unexpected) in 0.008 (0.012) seconds
Test Suite 'ToolExecutorTests' started at 2026-02-11 01:07:47.435.
Test Case '-[DochiTests.ToolExecutorTests testExtractImageURLsEmptyAlt]' started.
Test Case '-[DochiTests.ToolExecutorTests testExtractImageURLsEmptyAlt]' passed (0.003 seconds).
Test Case '-[DochiTests.ToolExecutorTests testExtractImageURLsEmptyString]' started.
Test Case '-[DochiTests.ToolExecutorTests testExtractImageURLsEmptyString]' passed (0.001 seconds).
Test Case '-[DochiTests.ToolExecutorTests testExtractImageURLsFromMarkdown]' started.
Test Case '-[DochiTests.ToolExecutorTests testExtractImageURLsFromMarkdown]' passed (0.000 seconds).
Test Case '-[DochiTests.ToolExecutorTests testExtractImageURLsIgnoresRegularLinks]' started.
Test Case '-[DochiTests.ToolExecutorTests testExtractImageURLsIgnoresRegularLinks]' passed (0.001 seconds).
Test Case '-[DochiTests.ToolExecutorTests testExtractImageURLsNoImages]' started.
Test Case '-[DochiTests.ToolExecutorTests testExtractImageURLsNoImages]' passed (0.001 seconds).
Test Case '-[DochiTests.ToolExecutorTests testExtractMultipleImageURLs]' started.
Test Case '-[DochiTests.ToolExecutorTests testExtractMultipleImageURLs]' passed (0.001 seconds).
Test Suite 'ToolExecutorTests' passed at 2026-02-11 01:07:47.444.
	 Executed 6 tests, with 0 failures (0 unexpected) in 0.006 (0.009) seconds
Test Suite 'ToolsRegistryTests' started at 2026-02-11 01:07:47.444.
Test Case '-[DochiTests.ToolsRegistryTests testEnableCategoriesAndReset]' started.
2026-02-11 01:07:47.446593+0900 Dochi[80612:3531540] [Tool] tools.enable_categories cats=["settings"] enabled=["settings.get", "settings.list", "settings.mcp_add_server", "settings.mcp_remove_server", "settings.mcp_update_server", "settings.set"] unknown=[]
2026-02-11 01:07:47.446681+0900 Dochi[80612:3531540] [Tool] tools.reset
Test Case '-[DochiTests.ToolsRegistryTests testEnableCategoriesAndReset]' passed (0.003 seconds).
Test Suite 'ToolsRegistryTests' passed at 2026-02-11 01:07:47.447.
	 Executed 1 test, with 0 failures (0 unexpected) in 0.003 (0.004) seconds
Test Suite 'WorkspaceContextTests' started at 2026-02-11 01:07:47.447.
Test Case '-[DochiTests.WorkspaceContextTests testAgentInWorkspace]' started.
Test Case '-[DochiTests.WorkspaceContextTests testAgentInWorkspace]' passed (0.003 seconds).
Test Case '-[DochiTests.WorkspaceContextTests testAgentIsolationBetweenWorkspaces]' started.
Test Case '-[DochiTests.WorkspaceContextTests testAgentIsolationBetweenWorkspaces]' passed (0.005 seconds).
Test Case '-[DochiTests.WorkspaceContextTests testAppendWorkspaceMemory]' started.
Test Case '-[DochiTests.WorkspaceContextTests testAppendWorkspaceMemory]' passed (0.002 seconds).
Test Case '-[DochiTests.WorkspaceContextTests testCreateAndLoadWorkspace]' started.
Test Case '-[DochiTests.WorkspaceContextTests testCreateAndLoadWorkspace]' passed (0.002 seconds).
Test Case '-[DochiTests.WorkspaceContextTests testListWorkspacesEmpty]' started.
Test Case '-[DochiTests.WorkspaceContextTests testListWorkspacesEmpty]' passed (0.001 seconds).
Test Case '-[DochiTests.WorkspaceContextTests testWorkspaceMemory]' started.
Test Case '-[DochiTests.WorkspaceContextTests testWorkspaceMemory]' passed (0.002 seconds).
Test Suite 'WorkspaceContextTests' passed at 2026-02-11 01:07:47.464.
	 Executed 6 tests, with 0 failures (0 unexpected) in 0.015 (0.017) seconds
Test Suite 'DochiTests.xctest' failed at 2026-02-11 01:07:47.464.
	 Executed 125 tests, with 6 failures (0 unexpected) in 0.218 (0.257) seconds
Test Suite 'All tests' failed at 2026-02-11 01:07:47.465.
	 Executed 125 tests, with 6 failures (0 unexpected) in 0.218 (0.257) seconds
2026-02-11 01:07:47.985237+0900 DochiUITests-Runner[80615:3531684] [Default] Running tests...
Test Suite 'All tests' started at 2026-02-11 01:07:48.106.
Test Suite 'DochiUITests.xctest' started at 2026-02-11 01:07:48.107.
Test Suite 'DochiUITests' started at 2026-02-11 01:07:48.107.
Test Case '-[DochiUITests.DochiUITests testOpenCommandPalette]' started.
    t =     0.00s Start Test at 2026-02-11 01:07:48.107
    t =     0.11s Set Up
    t =     0.12s     Open com.hckim.dochi
    t =     0.12s         Launch com.hckim.dochi
    t =     0.39s             Wait for accessibility to load
    t =     1.17s             Setting up automation session
    t =     1.18s             Wait for com.hckim.dochi to idle
    t =     1.18s Waiting 2.0s for "Dochi" MenuBarItem to exist
    t =     2.28s     Checking `Expect predicate `existsNoRetry == 1` for object "Dochi" MenuBarItem`
    t =     2.28s         Checking existence of `"Dochi" MenuBarItem`
    t =     2.58s Click "Dochi" MenuBarItem
    t =     2.58s     Wait for com.hckim.dochi to idle
    t =     2.61s     Find the "Dochi" MenuBarItem
    t =     2.80s     Check for interrupting elements affecting "Dochi" MenuBarItem
    t =     2.81s     Synthesize event
    t =     3.18s     Wait for com.hckim.dochi to idle
    t =     3.19s Waiting 2.0s for "Command Palette…" MenuItem to exist
    t =     4.22s     Checking `Expect predicate `existsNoRetry == 1` for object "Command Palette…" MenuItem`
    t =     4.22s         Checking existence of `"Command Palette…" MenuItem`
    t =     4.43s Click "Command Palette…" MenuItem
    t =     4.43s     Wait for com.hckim.dochi to idle
    t =     4.43s     Find the "Command Palette…" MenuItem
    t =     4.60s     Check for interrupting elements affecting "menuAction:" MenuItem
    t =     4.61s     Synthesize event
    t =     4.61s         Checking existence of `"menuAction:" MenuItem`
    t =     4.74s         Hover menu item 'Command Palette…'
    t =     4.74s             Wait for com.hckim.dochi to idle
    t =     4.75s             Find the "menuAction:" MenuItem
    t =     4.88s             Check for interrupting elements affecting "menuAction:" MenuItem
    t =     4.89s             Synthesize event
    t =     5.12s             Wait for com.hckim.dochi to idle
    t =     5.13s         Find the "menuAction:" MenuItem
    t =     6.05s     Wait for com.hckim.dochi to idle
    t =     6.14s Waiting 3.0s for "palette.search" TextField to exist
    t =     7.18s     Checking `Expect predicate `existsNoRetry == 1` for object "palette.search" TextField`
    t =     7.18s         Checking existence of `"palette.search" TextField`
    t =     7.38s Tear Down
Test Case '-[DochiUITests.DochiUITests testOpenCommandPalette]' passed (7.737 seconds).
Test Case '-[DochiUITests.DochiUITests testOpenSettingsAndFindTelegramCard]' started.
    t =     0.00s Start Test at 2026-02-11 01:07:55.844
    t =     0.11s Set Up
    t =     0.12s     Open com.hckim.dochi
    t =     0.12s         Launch com.hckim.dochi
    t =     0.12s             Terminate com.hckim.dochi:80616
    t =     1.40s             Wait for accessibility to load
    t =     2.13s             Setting up automation session
    t =     2.16s             Wait for com.hckim.dochi to idle
    t =     2.16s Waiting 3.0s for "open.settings" Button to exist
    t =     3.25s     Checking `Expect predicate `existsNoRetry == 1` for object "open.settings" Button`
    t =     3.25s         Checking existence of `"open.settings" Button`
    t =     3.57s Click "open.settings" Button
    t =     3.57s     Wait for com.hckim.dochi to idle
    t =     3.59s     Find the "open.settings" Button
    t =     3.80s     Check for interrupting elements affecting "open.settings" Button
    t =     3.82s     Synthesize event
    t =     4.58s     Wait for com.hckim.dochi to idle
    t =     5.02s Waiting 3.0s for "integrations.telegram.toggle" Switch to exist
    t =     6.06s     Checking `Expect predicate `existsNoRetry == 1` for object "integrations.telegram.toggle" Switch`
    t =     6.06s         Checking existence of `"integrations.telegram.toggle" Switch`
    t =     6.41s         Capturing element debug description
    t =     7.03s     Checking `Expect predicate `existsNoRetry == 1` for object "integrations.telegram.toggle" Switch`
    t =     7.03s         Checking existence of `"integrations.telegram.toggle" Switch`
    t =     7.30s         Capturing element debug description
    t =     8.03s     Checking `Expect predicate `existsNoRetry == 1` for object "integrations.telegram.toggle" Switch`
    t =     8.03s         Checking existence of `"integrations.telegram.toggle" Switch`
    t =     8.26s         Capturing element debug description
    t =     8.26s     Checking existence of `"integrations.telegram.toggle" Switch`
    t =     8.53s Collecting debug information to assist test failure triage
    t =     8.53s     Requesting snapshot of accessibility hierarchy for app with pid 80621
/Users/hckim/repo/dochi/DochiUITests/DochiUITests.swift:45: error: -[DochiUITests.DochiUITests testOpenSettingsAndFindTelegramCard] : XCTAssertTrue failed
    t =     8.89s Tear Down
Test Case '-[DochiUITests.DochiUITests testOpenSettingsAndFindTelegramCard]' failed (9.275 seconds).
Test Case '-[DochiUITests.DochiUITests testSendUserMessageAppears]' started.
    t =     0.00s Start Test at 2026-02-11 01:08:05.121
    t =     0.13s Set Up
    t =     0.13s     Open com.hckim.dochi
    t =     0.13s         Launch com.hckim.dochi
    t =     0.13s             Terminate com.hckim.dochi:80621
    t =     1.45s             Wait for accessibility to load
    t =     2.19s             Setting up automation session
    t =     2.19s             Wait for com.hckim.dochi to idle
    t =     2.20s Waiting 3.0s for "input.textField" TextField to exist
    t =     3.27s     Checking `Expect predicate `existsNoRetry == 1` for object "input.textField" TextField`
    t =     3.27s         Checking existence of `"input.textField" TextField`
    t =     3.58s Click "input.textField" TextField
    t =     3.58s     Wait for com.hckim.dochi to idle
    t =     3.61s     Find the "input.textField" TextField
    t =     3.80s     Check for interrupting elements affecting "input.textField" TextField
    t =     3.84s     Synthesize event
    t =     4.21s     Wait for com.hckim.dochi to idle
    t =     4.22s Type '안녕 도치' into "input.textField" TextField
    t =     4.22s     Wait for com.hckim.dochi to idle
    t =     4.22s     Find the "input.textField" TextField
    t =     4.37s     Check for interrupting elements affecting "input.textField" TextField
    t =     4.40s     Synthesize event
    t =     4.90s     Wait for com.hckim.dochi to idle
    t =     4.91s Click "input.send" Button
    t =     4.91s     Wait for com.hckim.dochi to idle
    t =     4.92s     Find the "input.send" Button
    t =     5.14s     Check for interrupting elements affecting "input.send" Button
    t =     5.18s     Synthesize event
    t =     5.55s     Wait for com.hckim.dochi to idle
    t =     5.60s Waiting 2.0s for "안녕 도치" StaticText to exist
    t =     6.64s     Checking `Expect predicate `existsNoRetry == 1` for object "안녕 도치" StaticText`
    t =     6.64s         Checking existence of `"안녕 도치" StaticText`
    t =     6.86s Tear Down
Test Case '-[DochiUITests.DochiUITests testSendUserMessageAppears]' passed (7.236 seconds).
Test Suite 'DochiUITests' failed at 2026-02-11 01:08:12.357.
	 Executed 3 tests, with 1 failure (0 unexpected) in 24.247 (24.250) seconds
Test Suite 'DochiUITests.xctest' failed at 2026-02-11 01:08:12.359.
	 Executed 3 tests, with 1 failure (0 unexpected) in 24.247 (24.252) seconds
Test Suite 'All tests' failed at 2026-02-11 01:08:12.361.
	 Executed 3 tests, with 1 failure (0 unexpected) in 24.247 (24.255) seconds
2026-02-11 01:08:16.198 xcodebuild[80564:3531138] [MT] IDETestOperationsObserverDebug: 30.965 elapsed -- Testing started completed.
2026-02-11 01:08:16.198 xcodebuild[80564:3531138] [MT] IDETestOperationsObserverDebug: 0.000 sec, +0.000 sec -- start
2026-02-11 01:08:16.198 xcodebuild[80564:3531138] [MT] IDETestOperationsObserverDebug: 30.965 sec, +30.965 sec -- end

Test session results, code coverage, and logs:
	/Users/hckim/Library/Developer/Xcode/DerivedData/Dochi-fvcerrzpbqssspbcabodnzxiwpdx/Logs/Test/Test-DochiTests-2026.02.11_01-07-43-+0900.xcresult

** TEST FAILED **

Testing started
